2025-03-13 15:48:25,176 - INFO - Starting new automation task. Log file created at: Selenium-Logs\Emaxx_script_log_20250313_154825.log
2025-03-13 15:48:25,178 - INFO - Loaded 38 subforum URLs from Sub-Forum-List.txt
2025-03-13 15:48:25,179 - INFO - Loaded 206 visited threads from Thread_links.txt
2025-03-13 15:48:25,180 - INFO - Successfully loaded links that was already visited!
2025-03-13 15:48:25,181 - DEBUG - Scrolling page 6 times.
2025-03-13 15:48:25,182 - DEBUG - Scrolling page by 500 pixels.
2025-03-13 15:48:26,792 - DEBUG - Page scrolled.
2025-03-13 15:48:28,797 - DEBUG - Scrolling page by 500 pixels.
2025-03-13 15:48:29,921 - DEBUG - Page scrolled.
2025-03-13 15:48:31,924 - DEBUG - Scrolling page by 500 pixels.
2025-03-13 15:48:33,634 - DEBUG - Page scrolled.
2025-03-13 15:48:35,636 - DEBUG - Scrolling page by 500 pixels.
2025-03-13 15:48:37,155 - DEBUG - Page scrolled.
2025-03-13 15:48:39,161 - DEBUG - Scrolling page by 500 pixels.
2025-03-13 15:48:40,318 - DEBUG - Page scrolled.
2025-03-13 15:48:42,320 - DEBUG - Scrolling page by 500 pixels.
2025-03-13 15:48:43,840 - DEBUG - Page scrolled.
2025-03-13 15:48:45,843 - DEBUG - Random scrolls complete.
2025-03-13 15:48:45,845 - DEBUG - Scrolling page 6 times.
2025-03-13 15:48:45,846 - DEBUG - Scrolling page by 500 pixels.
2025-03-13 15:48:47,831 - DEBUG - Page scrolled.
2025-03-13 15:48:49,833 - DEBUG - Scrolling page by 500 pixels.
2025-03-13 15:48:51,091 - DEBUG - Page scrolled.
2025-03-13 15:48:53,093 - DEBUG - Scrolling page by 500 pixels.
2025-03-13 15:48:55,015 - DEBUG - Page scrolled.
2025-03-13 15:48:57,018 - DEBUG - Scrolling page by 500 pixels.
2025-03-13 15:48:58,154 - DEBUG - Page scrolled.
2025-03-13 15:49:00,155 - DEBUG - Scrolling page by 500 pixels.
2025-03-13 15:49:02,029 - DEBUG - Page scrolled.
2025-03-13 15:49:04,032 - DEBUG - Scrolling page by 500 pixels.
2025-03-13 15:49:05,539 - DEBUG - Page scrolled.
2025-03-13 15:49:07,541 - DEBUG - Random scrolls complete.
2025-03-13 15:49:16,724 - INFO - Navigated to subforum: https://www.blackhatworld.com/forums/cryptocurrency.218/
2025-03-13 15:49:25,187 - WARNING - Skipping a thread due to error: Message: stale element reference: stale element not found
  (Session info: chrome=133.0.6943.35); For documentation on this error, please visit: https://www.selenium.dev/documentation/webdriver/troubleshooting/errors#stale-element-reference-exception
Stacktrace:
	GetHandleVerifier [0x00007FF77A63C615+3167749]
	(No symbol) [0x00007FF77A2AD190]
	(No symbol) [0x00007FF77A13596A]
	(No symbol) [0x00007FF77A14B7A4]
	(No symbol) [0x00007FF77A14A283]
	(No symbol) [0x00007FF77A13E0A1]
	(No symbol) [0x00007FF77A13BDD2]
	(No symbol) [0x00007FF77A14013C]
	(No symbol) [0x00007FF77A14020F]
	(No symbol) [0x00007FF77A18E920]
	(No symbol) [0x00007FF77A18F29C]
	(No symbol) [0x00007FF77A181F3C]
	(No symbol) [0x00007FF77A1B706F]
	(No symbol) [0x00007FF77A181916]
	(No symbol) [0x00007FF77A1B7240]
	(No symbol) [0x00007FF77A1DF513]
	(No symbol) [0x00007FF77A1B6E03]
	(No symbol) [0x00007FF77A17FD3E]
	(No symbol) [0x00007FF77A180FC3]
	GetHandleVerifier [0x00007FF77A69F57D+3573101]
	GetHandleVerifier [0x00007FF77A6B9AB0+3680928]
	GetHandleVerifier [0x00007FF77A6AF46D+3638365]
	GetHandleVerifier [0x00007FF77A40123A+827946]
	(No symbol) [0x00007FF77A2B85BF]
	(No symbol) [0x00007FF77A2B4264]
	(No symbol) [0x00007FF77A2B4406]
	(No symbol) [0x00007FF77A2A3E49]
	BaseThreadInitThunk [0x00007FFC4B657374+20]
	RtlUserThreadStart [0x00007FFC4BA1CC91+33]

2025-03-13 15:49:25,209 - WARNING - Skipping a thread due to error: Message: stale element reference: stale element not found
  (Session info: chrome=133.0.6943.35); For documentation on this error, please visit: https://www.selenium.dev/documentation/webdriver/troubleshooting/errors#stale-element-reference-exception
Stacktrace:
	GetHandleVerifier [0x00007FF77A63C615+3167749]
	(No symbol) [0x00007FF77A2AD190]
	(No symbol) [0x00007FF77A13596A]
	(No symbol) [0x00007FF77A14B7A4]
	(No symbol) [0x00007FF77A14A283]
	(No symbol) [0x00007FF77A13E0A1]
	(No symbol) [0x00007FF77A13BDD2]
	(No symbol) [0x00007FF77A14013C]
	(No symbol) [0x00007FF77A14020F]
	(No symbol) [0x00007FF77A18E920]
	(No symbol) [0x00007FF77A18F29C]
	(No symbol) [0x00007FF77A181F3C]
	(No symbol) [0x00007FF77A1B706F]
	(No symbol) [0x00007FF77A181916]
	(No symbol) [0x00007FF77A1B7240]
	(No symbol) [0x00007FF77A1DF513]
	(No symbol) [0x00007FF77A1B6E03]
	(No symbol) [0x00007FF77A17FD3E]
	(No symbol) [0x00007FF77A180FC3]
	GetHandleVerifier [0x00007FF77A69F57D+3573101]
	GetHandleVerifier [0x00007FF77A6B9AB0+3680928]
	GetHandleVerifier [0x00007FF77A6AF46D+3638365]
	GetHandleVerifier [0x00007FF77A40123A+827946]
	(No symbol) [0x00007FF77A2B85BF]
	(No symbol) [0x00007FF77A2B4264]
	(No symbol) [0x00007FF77A2B4406]
	(No symbol) [0x00007FF77A2A3E49]
	BaseThreadInitThunk [0x00007FFC4B657374+20]
	RtlUserThreadStart [0x00007FFC4BA1CC91+33]

2025-03-13 15:49:25,230 - WARNING - Skipping a thread due to error: Message: stale element reference: stale element not found
  (Session info: chrome=133.0.6943.35); For documentation on this error, please visit: https://www.selenium.dev/documentation/webdriver/troubleshooting/errors#stale-element-reference-exception
Stacktrace:
	GetHandleVerifier [0x00007FF77A63C615+3167749]
	(No symbol) [0x00007FF77A2AD190]
	(No symbol) [0x00007FF77A13596A]
	(No symbol) [0x00007FF77A14B7A4]
	(No symbol) [0x00007FF77A14A283]
	(No symbol) [0x00007FF77A13E0A1]
	(No symbol) [0x00007FF77A13BDD2]
	(No symbol) [0x00007FF77A14013C]
	(No symbol) [0x00007FF77A14020F]
	(No symbol) [0x00007FF77A18E920]
	(No symbol) [0x00007FF77A18F29C]
	(No symbol) [0x00007FF77A181F3C]
	(No symbol) [0x00007FF77A1B706F]
	(No symbol) [0x00007FF77A181916]
	(No symbol) [0x00007FF77A1B7240]
	(No symbol) [0x00007FF77A1DF513]
	(No symbol) [0x00007FF77A1B6E03]
	(No symbol) [0x00007FF77A17FD3E]
	(No symbol) [0x00007FF77A180FC3]
	GetHandleVerifier [0x00007FF77A69F57D+3573101]
	GetHandleVerifier [0x00007FF77A6B9AB0+3680928]
	GetHandleVerifier [0x00007FF77A6AF46D+3638365]
	GetHandleVerifier [0x00007FF77A40123A+827946]
	(No symbol) [0x00007FF77A2B85BF]
	(No symbol) [0x00007FF77A2B4264]
	(No symbol) [0x00007FF77A2B4406]
	(No symbol) [0x00007FF77A2A3E49]
	BaseThreadInitThunk [0x00007FFC4B657374+20]
	RtlUserThreadStart [0x00007FFC4BA1CC91+33]

2025-03-13 15:49:25,261 - WARNING - Skipping a thread due to error: Message: stale element reference: stale element not found
  (Session info: chrome=133.0.6943.35); For documentation on this error, please visit: https://www.selenium.dev/documentation/webdriver/troubleshooting/errors#stale-element-reference-exception
Stacktrace:
	GetHandleVerifier [0x00007FF77A63C615+3167749]
	(No symbol) [0x00007FF77A2AD190]
	(No symbol) [0x00007FF77A13596A]
	(No symbol) [0x00007FF77A14B7A4]
	(No symbol) [0x00007FF77A14A283]
	(No symbol) [0x00007FF77A13E0A1]
	(No symbol) [0x00007FF77A13BDD2]
	(No symbol) [0x00007FF77A14013C]
	(No symbol) [0x00007FF77A14020F]
	(No symbol) [0x00007FF77A18E920]
	(No symbol) [0x00007FF77A18F29C]
	(No symbol) [0x00007FF77A181F3C]
	(No symbol) [0x00007FF77A1B706F]
	(No symbol) [0x00007FF77A181916]
	(No symbol) [0x00007FF77A1B7240]
	(No symbol) [0x00007FF77A1DF513]
	(No symbol) [0x00007FF77A1B6E03]
	(No symbol) [0x00007FF77A17FD3E]
	(No symbol) [0x00007FF77A180FC3]
	GetHandleVerifier [0x00007FF77A69F57D+3573101]
	GetHandleVerifier [0x00007FF77A6B9AB0+3680928]
	GetHandleVerifier [0x00007FF77A6AF46D+3638365]
	GetHandleVerifier [0x00007FF77A40123A+827946]
	(No symbol) [0x00007FF77A2B85BF]
	(No symbol) [0x00007FF77A2B4264]
	(No symbol) [0x00007FF77A2B4406]
	(No symbol) [0x00007FF77A2A3E49]
	BaseThreadInitThunk [0x00007FFC4B657374+20]
	RtlUserThreadStart [0x00007FFC4BA1CC91+33]

2025-03-13 15:49:25,293 - WARNING - Skipping a thread due to error: Message: stale element reference: stale element not found
  (Session info: chrome=133.0.6943.35); For documentation on this error, please visit: https://www.selenium.dev/documentation/webdriver/troubleshooting/errors#stale-element-reference-exception
Stacktrace:
	GetHandleVerifier [0x00007FF77A63C615+3167749]
	(No symbol) [0x00007FF77A2AD190]
	(No symbol) [0x00007FF77A13596A]
	(No symbol) [0x00007FF77A14B7A4]
	(No symbol) [0x00007FF77A14A283]
	(No symbol) [0x00007FF77A13E0A1]
	(No symbol) [0x00007FF77A13BDD2]
	(No symbol) [0x00007FF77A14013C]
	(No symbol) [0x00007FF77A14020F]
	(No symbol) [0x00007FF77A18E920]
	(No symbol) [0x00007FF77A18F29C]
	(No symbol) [0x00007FF77A181F3C]
	(No symbol) [0x00007FF77A1B706F]
	(No symbol) [0x00007FF77A181916]
	(No symbol) [0x00007FF77A1B7240]
	(No symbol) [0x00007FF77A1DF513]
	(No symbol) [0x00007FF77A1B6E03]
	(No symbol) [0x00007FF77A17FD3E]
	(No symbol) [0x00007FF77A180FC3]
	GetHandleVerifier [0x00007FF77A69F57D+3573101]
	GetHandleVerifier [0x00007FF77A6B9AB0+3680928]
	GetHandleVerifier [0x00007FF77A6AF46D+3638365]
	GetHandleVerifier [0x00007FF77A40123A+827946]
	(No symbol) [0x00007FF77A2B85BF]
	(No symbol) [0x00007FF77A2B4264]
	(No symbol) [0x00007FF77A2B4406]
	(No symbol) [0x00007FF77A2A3E49]
	BaseThreadInitThunk [0x00007FFC4B657374+20]
	RtlUserThreadStart [0x00007FFC4BA1CC91+33]

2025-03-13 15:49:25,320 - WARNING - Skipping a thread due to error: Message: stale element reference: stale element not found
  (Session info: chrome=133.0.6943.35); For documentation on this error, please visit: https://www.selenium.dev/documentation/webdriver/troubleshooting/errors#stale-element-reference-exception
Stacktrace:
	GetHandleVerifier [0x00007FF77A63C615+3167749]
	(No symbol) [0x00007FF77A2AD190]
	(No symbol) [0x00007FF77A13596A]
	(No symbol) [0x00007FF77A14B7A4]
	(No symbol) [0x00007FF77A14A283]
	(No symbol) [0x00007FF77A13E0A1]
	(No symbol) [0x00007FF77A13BDD2]
	(No symbol) [0x00007FF77A14013C]
	(No symbol) [0x00007FF77A14020F]
	(No symbol) [0x00007FF77A18E920]
	(No symbol) [0x00007FF77A18F29C]
	(No symbol) [0x00007FF77A181F3C]
	(No symbol) [0x00007FF77A1B706F]
	(No symbol) [0x00007FF77A181916]
	(No symbol) [0x00007FF77A1B7240]
	(No symbol) [0x00007FF77A1DF513]
	(No symbol) [0x00007FF77A1B6E03]
	(No symbol) [0x00007FF77A17FD3E]
	(No symbol) [0x00007FF77A180FC3]
	GetHandleVerifier [0x00007FF77A69F57D+3573101]
	GetHandleVerifier [0x00007FF77A6B9AB0+3680928]
	GetHandleVerifier [0x00007FF77A6AF46D+3638365]
	GetHandleVerifier [0x00007FF77A40123A+827946]
	(No symbol) [0x00007FF77A2B85BF]
	(No symbol) [0x00007FF77A2B4264]
	(No symbol) [0x00007FF77A2B4406]
	(No symbol) [0x00007FF77A2A3E49]
	BaseThreadInitThunk [0x00007FFC4B657374+20]
	RtlUserThreadStart [0x00007FFC4BA1CC91+33]

2025-03-13 15:49:25,340 - WARNING - Skipping a thread due to error: Message: stale element reference: stale element not found
  (Session info: chrome=133.0.6943.35); For documentation on this error, please visit: https://www.selenium.dev/documentation/webdriver/troubleshooting/errors#stale-element-reference-exception
Stacktrace:
	GetHandleVerifier [0x00007FF77A63C615+3167749]
	(No symbol) [0x00007FF77A2AD190]
	(No symbol) [0x00007FF77A13596A]
	(No symbol) [0x00007FF77A14B7A4]
	(No symbol) [0x00007FF77A14A283]
	(No symbol) [0x00007FF77A13E0A1]
	(No symbol) [0x00007FF77A13BDD2]
	(No symbol) [0x00007FF77A14013C]
	(No symbol) [0x00007FF77A14020F]
	(No symbol) [0x00007FF77A18E920]
	(No symbol) [0x00007FF77A18F29C]
	(No symbol) [0x00007FF77A181F3C]
	(No symbol) [0x00007FF77A1B706F]
	(No symbol) [0x00007FF77A181916]
	(No symbol) [0x00007FF77A1B7240]
	(No symbol) [0x00007FF77A1DF513]
	(No symbol) [0x00007FF77A1B6E03]
	(No symbol) [0x00007FF77A17FD3E]
	(No symbol) [0x00007FF77A180FC3]
	GetHandleVerifier [0x00007FF77A69F57D+3573101]
	GetHandleVerifier [0x00007FF77A6B9AB0+3680928]
	GetHandleVerifier [0x00007FF77A6AF46D+3638365]
	GetHandleVerifier [0x00007FF77A40123A+827946]
	(No symbol) [0x00007FF77A2B85BF]
	(No symbol) [0x00007FF77A2B4264]
	(No symbol) [0x00007FF77A2B4406]
	(No symbol) [0x00007FF77A2A3E49]
	BaseThreadInitThunk [0x00007FFC4B657374+20]
	RtlUserThreadStart [0x00007FFC4BA1CC91+33]

2025-03-13 15:49:25,411 - WARNING - Skipping a thread due to error: Message: stale element reference: stale element not found
  (Session info: chrome=133.0.6943.35); For documentation on this error, please visit: https://www.selenium.dev/documentation/webdriver/troubleshooting/errors#stale-element-reference-exception
Stacktrace:
	GetHandleVerifier [0x00007FF77A63C615+3167749]
	(No symbol) [0x00007FF77A2AD190]
	(No symbol) [0x00007FF77A13596A]
	(No symbol) [0x00007FF77A14B7A4]
	(No symbol) [0x00007FF77A14A283]
	(No symbol) [0x00007FF77A13E0A1]
	(No symbol) [0x00007FF77A13BDD2]
	(No symbol) [0x00007FF77A14013C]
	(No symbol) [0x00007FF77A14020F]
	(No symbol) [0x00007FF77A18E920]
	(No symbol) [0x00007FF77A18F29C]
	(No symbol) [0x00007FF77A181F3C]
	(No symbol) [0x00007FF77A1B706F]
	(No symbol) [0x00007FF77A181916]
	(No symbol) [0x00007FF77A1B7240]
	(No symbol) [0x00007FF77A1DF513]
	(No symbol) [0x00007FF77A1B6E03]
	(No symbol) [0x00007FF77A17FD3E]
	(No symbol) [0x00007FF77A180FC3]
	GetHandleVerifier [0x00007FF77A69F57D+3573101]
	GetHandleVerifier [0x00007FF77A6B9AB0+3680928]
	GetHandleVerifier [0x00007FF77A6AF46D+3638365]
	GetHandleVerifier [0x00007FF77A40123A+827946]
	(No symbol) [0x00007FF77A2B85BF]
	(No symbol) [0x00007FF77A2B4264]
	(No symbol) [0x00007FF77A2B4406]
	(No symbol) [0x00007FF77A2A3E49]
	BaseThreadInitThunk [0x00007FFC4B657374+20]
	RtlUserThreadStart [0x00007FFC4BA1CC91+33]

2025-03-13 15:49:25,465 - WARNING - Skipping a thread due to error: Message: stale element reference: stale element not found
  (Session info: chrome=133.0.6943.35); For documentation on this error, please visit: https://www.selenium.dev/documentation/webdriver/troubleshooting/errors#stale-element-reference-exception
Stacktrace:
	GetHandleVerifier [0x00007FF77A63C615+3167749]
	(No symbol) [0x00007FF77A2AD190]
	(No symbol) [0x00007FF77A13596A]
	(No symbol) [0x00007FF77A14B7A4]
	(No symbol) [0x00007FF77A14A283]
	(No symbol) [0x00007FF77A13E0A1]
	(No symbol) [0x00007FF77A13BDD2]
	(No symbol) [0x00007FF77A14013C]
	(No symbol) [0x00007FF77A14020F]
	(No symbol) [0x00007FF77A18E920]
	(No symbol) [0x00007FF77A18F29C]
	(No symbol) [0x00007FF77A181F3C]
	(No symbol) [0x00007FF77A1B706F]
	(No symbol) [0x00007FF77A181916]
	(No symbol) [0x00007FF77A1B7240]
	(No symbol) [0x00007FF77A1DF513]
	(No symbol) [0x00007FF77A1B6E03]
	(No symbol) [0x00007FF77A17FD3E]
	(No symbol) [0x00007FF77A180FC3]
	GetHandleVerifier [0x00007FF77A69F57D+3573101]
	GetHandleVerifier [0x00007FF77A6B9AB0+3680928]
	GetHandleVerifier [0x00007FF77A6AF46D+3638365]
	GetHandleVerifier [0x00007FF77A40123A+827946]
	(No symbol) [0x00007FF77A2B85BF]
	(No symbol) [0x00007FF77A2B4264]
	(No symbol) [0x00007FF77A2B4406]
	(No symbol) [0x00007FF77A2A3E49]
	BaseThreadInitThunk [0x00007FFC4B657374+20]
	RtlUserThreadStart [0x00007FFC4BA1CC91+33]

2025-03-13 15:49:25,495 - WARNING - Skipping a thread due to error: Message: stale element reference: stale element not found
  (Session info: chrome=133.0.6943.35); For documentation on this error, please visit: https://www.selenium.dev/documentation/webdriver/troubleshooting/errors#stale-element-reference-exception
Stacktrace:
	GetHandleVerifier [0x00007FF77A63C615+3167749]
	(No symbol) [0x00007FF77A2AD190]
	(No symbol) [0x00007FF77A13596A]
	(No symbol) [0x00007FF77A14B7A4]
	(No symbol) [0x00007FF77A14A283]
	(No symbol) [0x00007FF77A13E0A1]
	(No symbol) [0x00007FF77A13BDD2]
	(No symbol) [0x00007FF77A14013C]
	(No symbol) [0x00007FF77A14020F]
	(No symbol) [0x00007FF77A18E920]
	(No symbol) [0x00007FF77A18F29C]
	(No symbol) [0x00007FF77A181F3C]
	(No symbol) [0x00007FF77A1B706F]
	(No symbol) [0x00007FF77A181916]
	(No symbol) [0x00007FF77A1B7240]
	(No symbol) [0x00007FF77A1DF513]
	(No symbol) [0x00007FF77A1B6E03]
	(No symbol) [0x00007FF77A17FD3E]
	(No symbol) [0x00007FF77A180FC3]
	GetHandleVerifier [0x00007FF77A69F57D+3573101]
	GetHandleVerifier [0x00007FF77A6B9AB0+3680928]
	GetHandleVerifier [0x00007FF77A6AF46D+3638365]
	GetHandleVerifier [0x00007FF77A40123A+827946]
	(No symbol) [0x00007FF77A2B85BF]
	(No symbol) [0x00007FF77A2B4264]
	(No symbol) [0x00007FF77A2B4406]
	(No symbol) [0x00007FF77A2A3E49]
	BaseThreadInitThunk [0x00007FFC4B657374+20]
	RtlUserThreadStart [0x00007FFC4BA1CC91+33]

2025-03-13 15:49:25,521 - WARNING - Skipping a thread due to error: Message: stale element reference: stale element not found
  (Session info: chrome=133.0.6943.35); For documentation on this error, please visit: https://www.selenium.dev/documentation/webdriver/troubleshooting/errors#stale-element-reference-exception
Stacktrace:
	GetHandleVerifier [0x00007FF77A63C615+3167749]
	(No symbol) [0x00007FF77A2AD190]
	(No symbol) [0x00007FF77A13596A]
	(No symbol) [0x00007FF77A14B7A4]
	(No symbol) [0x00007FF77A14A283]
	(No symbol) [0x00007FF77A13E0A1]
	(No symbol) [0x00007FF77A13BDD2]
	(No symbol) [0x00007FF77A14013C]
	(No symbol) [0x00007FF77A14020F]
	(No symbol) [0x00007FF77A18E920]
	(No symbol) [0x00007FF77A18F29C]
	(No symbol) [0x00007FF77A181F3C]
	(No symbol) [0x00007FF77A1B706F]
	(No symbol) [0x00007FF77A181916]
	(No symbol) [0x00007FF77A1B7240]
	(No symbol) [0x00007FF77A1DF513]
	(No symbol) [0x00007FF77A1B6E03]
	(No symbol) [0x00007FF77A17FD3E]
	(No symbol) [0x00007FF77A180FC3]
	GetHandleVerifier [0x00007FF77A69F57D+3573101]
	GetHandleVerifier [0x00007FF77A6B9AB0+3680928]
	GetHandleVerifier [0x00007FF77A6AF46D+3638365]
	GetHandleVerifier [0x00007FF77A40123A+827946]
	(No symbol) [0x00007FF77A2B85BF]
	(No symbol) [0x00007FF77A2B4264]
	(No symbol) [0x00007FF77A2B4406]
	(No symbol) [0x00007FF77A2A3E49]
	BaseThreadInitThunk [0x00007FFC4B657374+20]
	RtlUserThreadStart [0x00007FFC4BA1CC91+33]

2025-03-13 15:49:25,555 - WARNING - Skipping a thread due to error: Message: stale element reference: stale element not found
  (Session info: chrome=133.0.6943.35); For documentation on this error, please visit: https://www.selenium.dev/documentation/webdriver/troubleshooting/errors#stale-element-reference-exception
Stacktrace:
	GetHandleVerifier [0x00007FF77A63C615+3167749]
	(No symbol) [0x00007FF77A2AD190]
	(No symbol) [0x00007FF77A13596A]
	(No symbol) [0x00007FF77A14B7A4]
	(No symbol) [0x00007FF77A14A283]
	(No symbol) [0x00007FF77A13E0A1]
	(No symbol) [0x00007FF77A13BDD2]
	(No symbol) [0x00007FF77A14013C]
	(No symbol) [0x00007FF77A14020F]
	(No symbol) [0x00007FF77A18E920]
	(No symbol) [0x00007FF77A18F29C]
	(No symbol) [0x00007FF77A181F3C]
	(No symbol) [0x00007FF77A1B706F]
	(No symbol) [0x00007FF77A181916]
	(No symbol) [0x00007FF77A1B7240]
	(No symbol) [0x00007FF77A1DF513]
	(No symbol) [0x00007FF77A1B6E03]
	(No symbol) [0x00007FF77A17FD3E]
	(No symbol) [0x00007FF77A180FC3]
	GetHandleVerifier [0x00007FF77A69F57D+3573101]
	GetHandleVerifier [0x00007FF77A6B9AB0+3680928]
	GetHandleVerifier [0x00007FF77A6AF46D+3638365]
	GetHandleVerifier [0x00007FF77A40123A+827946]
	(No symbol) [0x00007FF77A2B85BF]
	(No symbol) [0x00007FF77A2B4264]
	(No symbol) [0x00007FF77A2B4406]
	(No symbol) [0x00007FF77A2A3E49]
	BaseThreadInitThunk [0x00007FFC4B657374+20]
	RtlUserThreadStart [0x00007FFC4BA1CC91+33]

2025-03-13 15:49:25,582 - WARNING - Skipping a thread due to error: Message: stale element reference: stale element not found
  (Session info: chrome=133.0.6943.35); For documentation on this error, please visit: https://www.selenium.dev/documentation/webdriver/troubleshooting/errors#stale-element-reference-exception
Stacktrace:
	GetHandleVerifier [0x00007FF77A63C615+3167749]
	(No symbol) [0x00007FF77A2AD190]
	(No symbol) [0x00007FF77A13596A]
	(No symbol) [0x00007FF77A14B7A4]
	(No symbol) [0x00007FF77A14A283]
	(No symbol) [0x00007FF77A13E0A1]
	(No symbol) [0x00007FF77A13BDD2]
	(No symbol) [0x00007FF77A14013C]
	(No symbol) [0x00007FF77A14020F]
	(No symbol) [0x00007FF77A18E920]
	(No symbol) [0x00007FF77A18F29C]
	(No symbol) [0x00007FF77A181F3C]
	(No symbol) [0x00007FF77A1B706F]
	(No symbol) [0x00007FF77A181916]
	(No symbol) [0x00007FF77A1B7240]
	(No symbol) [0x00007FF77A1DF513]
	(No symbol) [0x00007FF77A1B6E03]
	(No symbol) [0x00007FF77A17FD3E]
	(No symbol) [0x00007FF77A180FC3]
	GetHandleVerifier [0x00007FF77A69F57D+3573101]
	GetHandleVerifier [0x00007FF77A6B9AB0+3680928]
	GetHandleVerifier [0x00007FF77A6AF46D+3638365]
	GetHandleVerifier [0x00007FF77A40123A+827946]
	(No symbol) [0x00007FF77A2B85BF]
	(No symbol) [0x00007FF77A2B4264]
	(No symbol) [0x00007FF77A2B4406]
	(No symbol) [0x00007FF77A2A3E49]
	BaseThreadInitThunk [0x00007FFC4B657374+20]
	RtlUserThreadStart [0x00007FFC4BA1CC91+33]

2025-03-13 15:49:25,616 - WARNING - Skipping a thread due to error: Message: stale element reference: stale element not found
  (Session info: chrome=133.0.6943.35); For documentation on this error, please visit: https://www.selenium.dev/documentation/webdriver/troubleshooting/errors#stale-element-reference-exception
Stacktrace:
	GetHandleVerifier [0x00007FF77A63C615+3167749]
	(No symbol) [0x00007FF77A2AD190]
	(No symbol) [0x00007FF77A13596A]
	(No symbol) [0x00007FF77A14B7A4]
	(No symbol) [0x00007FF77A14A283]
	(No symbol) [0x00007FF77A13E0A1]
	(No symbol) [0x00007FF77A13BDD2]
	(No symbol) [0x00007FF77A14013C]
	(No symbol) [0x00007FF77A14020F]
	(No symbol) [0x00007FF77A18E920]
	(No symbol) [0x00007FF77A18F29C]
	(No symbol) [0x00007FF77A181F3C]
	(No symbol) [0x00007FF77A1B706F]
	(No symbol) [0x00007FF77A181916]
	(No symbol) [0x00007FF77A1B7240]
	(No symbol) [0x00007FF77A1DF513]
	(No symbol) [0x00007FF77A1B6E03]
	(No symbol) [0x00007FF77A17FD3E]
	(No symbol) [0x00007FF77A180FC3]
	GetHandleVerifier [0x00007FF77A69F57D+3573101]
	GetHandleVerifier [0x00007FF77A6B9AB0+3680928]
	GetHandleVerifier [0x00007FF77A6AF46D+3638365]
	GetHandleVerifier [0x00007FF77A40123A+827946]
	(No symbol) [0x00007FF77A2B85BF]
	(No symbol) [0x00007FF77A2B4264]
	(No symbol) [0x00007FF77A2B4406]
	(No symbol) [0x00007FF77A2A3E49]
	BaseThreadInitThunk [0x00007FFC4B657374+20]
	RtlUserThreadStart [0x00007FFC4BA1CC91+33]

2025-03-13 15:49:25,645 - WARNING - Skipping a thread due to error: Message: stale element reference: stale element not found
  (Session info: chrome=133.0.6943.35); For documentation on this error, please visit: https://www.selenium.dev/documentation/webdriver/troubleshooting/errors#stale-element-reference-exception
Stacktrace:
	GetHandleVerifier [0x00007FF77A63C615+3167749]
	(No symbol) [0x00007FF77A2AD190]
	(No symbol) [0x00007FF77A13596A]
	(No symbol) [0x00007FF77A14B7A4]
	(No symbol) [0x00007FF77A14A283]
	(No symbol) [0x00007FF77A13E0A1]
	(No symbol) [0x00007FF77A13BDD2]
	(No symbol) [0x00007FF77A14013C]
	(No symbol) [0x00007FF77A14020F]
	(No symbol) [0x00007FF77A18E920]
	(No symbol) [0x00007FF77A18F29C]
	(No symbol) [0x00007FF77A181F3C]
	(No symbol) [0x00007FF77A1B706F]
	(No symbol) [0x00007FF77A181916]
	(No symbol) [0x00007FF77A1B7240]
	(No symbol) [0x00007FF77A1DF513]
	(No symbol) [0x00007FF77A1B6E03]
	(No symbol) [0x00007FF77A17FD3E]
	(No symbol) [0x00007FF77A180FC3]
	GetHandleVerifier [0x00007FF77A69F57D+3573101]
	GetHandleVerifier [0x00007FF77A6B9AB0+3680928]
	GetHandleVerifier [0x00007FF77A6AF46D+3638365]
	GetHandleVerifier [0x00007FF77A40123A+827946]
	(No symbol) [0x00007FF77A2B85BF]
	(No symbol) [0x00007FF77A2B4264]
	(No symbol) [0x00007FF77A2B4406]
	(No symbol) [0x00007FF77A2A3E49]
	BaseThreadInitThunk [0x00007FFC4B657374+20]
	RtlUserThreadStart [0x00007FFC4BA1CC91+33]

2025-03-13 15:49:25,672 - WARNING - Skipping a thread due to error: Message: stale element reference: stale element not found
  (Session info: chrome=133.0.6943.35); For documentation on this error, please visit: https://www.selenium.dev/documentation/webdriver/troubleshooting/errors#stale-element-reference-exception
Stacktrace:
	GetHandleVerifier [0x00007FF77A63C615+3167749]
	(No symbol) [0x00007FF77A2AD190]
	(No symbol) [0x00007FF77A13596A]
	(No symbol) [0x00007FF77A14B7A4]
	(No symbol) [0x00007FF77A14A283]
	(No symbol) [0x00007FF77A13E0A1]
	(No symbol) [0x00007FF77A13BDD2]
	(No symbol) [0x00007FF77A14013C]
	(No symbol) [0x00007FF77A14020F]
	(No symbol) [0x00007FF77A18E920]
	(No symbol) [0x00007FF77A18F29C]
	(No symbol) [0x00007FF77A181F3C]
	(No symbol) [0x00007FF77A1B706F]
	(No symbol) [0x00007FF77A181916]
	(No symbol) [0x00007FF77A1B7240]
	(No symbol) [0x00007FF77A1DF513]
	(No symbol) [0x00007FF77A1B6E03]
	(No symbol) [0x00007FF77A17FD3E]
	(No symbol) [0x00007FF77A180FC3]
	GetHandleVerifier [0x00007FF77A69F57D+3573101]
	GetHandleVerifier [0x00007FF77A6B9AB0+3680928]
	GetHandleVerifier [0x00007FF77A6AF46D+3638365]
	GetHandleVerifier [0x00007FF77A40123A+827946]
	(No symbol) [0x00007FF77A2B85BF]
	(No symbol) [0x00007FF77A2B4264]
	(No symbol) [0x00007FF77A2B4406]
	(No symbol) [0x00007FF77A2A3E49]
	BaseThreadInitThunk [0x00007FFC4B657374+20]
	RtlUserThreadStart [0x00007FFC4BA1CC91+33]

2025-03-13 15:49:25,692 - WARNING - Skipping a thread due to error: Message: stale element reference: stale element not found
  (Session info: chrome=133.0.6943.35); For documentation on this error, please visit: https://www.selenium.dev/documentation/webdriver/troubleshooting/errors#stale-element-reference-exception
Stacktrace:
	GetHandleVerifier [0x00007FF77A63C615+3167749]
	(No symbol) [0x00007FF77A2AD190]
	(No symbol) [0x00007FF77A13596A]
	(No symbol) [0x00007FF77A14B7A4]
	(No symbol) [0x00007FF77A14A283]
	(No symbol) [0x00007FF77A13E0A1]
	(No symbol) [0x00007FF77A13BDD2]
	(No symbol) [0x00007FF77A14013C]
	(No symbol) [0x00007FF77A14020F]
	(No symbol) [0x00007FF77A18E920]
	(No symbol) [0x00007FF77A18F29C]
	(No symbol) [0x00007FF77A181F3C]
	(No symbol) [0x00007FF77A1B706F]
	(No symbol) [0x00007FF77A181916]
	(No symbol) [0x00007FF77A1B7240]
	(No symbol) [0x00007FF77A1DF513]
	(No symbol) [0x00007FF77A1B6E03]
	(No symbol) [0x00007FF77A17FD3E]
	(No symbol) [0x00007FF77A180FC3]
	GetHandleVerifier [0x00007FF77A69F57D+3573101]
	GetHandleVerifier [0x00007FF77A6B9AB0+3680928]
	GetHandleVerifier [0x00007FF77A6AF46D+3638365]
	GetHandleVerifier [0x00007FF77A40123A+827946]
	(No symbol) [0x00007FF77A2B85BF]
	(No symbol) [0x00007FF77A2B4264]
	(No symbol) [0x00007FF77A2B4406]
	(No symbol) [0x00007FF77A2A3E49]
	BaseThreadInitThunk [0x00007FFC4B657374+20]
	RtlUserThreadStart [0x00007FFC4BA1CC91+33]

2025-03-13 15:49:25,712 - WARNING - Skipping a thread due to error: Message: stale element reference: stale element not found
  (Session info: chrome=133.0.6943.35); For documentation on this error, please visit: https://www.selenium.dev/documentation/webdriver/troubleshooting/errors#stale-element-reference-exception
Stacktrace:
	GetHandleVerifier [0x00007FF77A63C615+3167749]
	(No symbol) [0x00007FF77A2AD190]
	(No symbol) [0x00007FF77A13596A]
	(No symbol) [0x00007FF77A14B7A4]
	(No symbol) [0x00007FF77A14A283]
	(No symbol) [0x00007FF77A13E0A1]
	(No symbol) [0x00007FF77A13BDD2]
	(No symbol) [0x00007FF77A14013C]
	(No symbol) [0x00007FF77A14020F]
	(No symbol) [0x00007FF77A18E920]
	(No symbol) [0x00007FF77A18F29C]
	(No symbol) [0x00007FF77A181F3C]
	(No symbol) [0x00007FF77A1B706F]
	(No symbol) [0x00007FF77A181916]
	(No symbol) [0x00007FF77A1B7240]
	(No symbol) [0x00007FF77A1DF513]
	(No symbol) [0x00007FF77A1B6E03]
	(No symbol) [0x00007FF77A17FD3E]
	(No symbol) [0x00007FF77A180FC3]
	GetHandleVerifier [0x00007FF77A69F57D+3573101]
	GetHandleVerifier [0x00007FF77A6B9AB0+3680928]
	GetHandleVerifier [0x00007FF77A6AF46D+3638365]
	GetHandleVerifier [0x00007FF77A40123A+827946]
	(No symbol) [0x00007FF77A2B85BF]
	(No symbol) [0x00007FF77A2B4264]
	(No symbol) [0x00007FF77A2B4406]
	(No symbol) [0x00007FF77A2A3E49]
	BaseThreadInitThunk [0x00007FFC4B657374+20]
	RtlUserThreadStart [0x00007FFC4BA1CC91+33]

2025-03-13 15:49:25,746 - ERROR - Error finding random thread link in subforum: Message: stale element reference: stale element not found
  (Session info: chrome=133.0.6943.35); For documentation on this error, please visit: https://www.selenium.dev/documentation/webdriver/troubleshooting/errors#stale-element-reference-exception
Stacktrace:
	GetHandleVerifier [0x00007FF77A63C615+3167749]
	(No symbol) [0x00007FF77A2AD190]
	(No symbol) [0x00007FF77A13596A]
	(No symbol) [0x00007FF77A14B7A4]
	(No symbol) [0x00007FF77A14A283]
	(No symbol) [0x00007FF77A13E0A1]
	(No symbol) [0x00007FF77A13E201]
	(No symbol) [0x00007FF77A13BDD2]
	(No symbol) [0x00007FF77A140481]
	(No symbol) [0x00007FF77A1E0872]
	(No symbol) [0x00007FF77A1B702A]
	(No symbol) [0x00007FF77A1DF513]
	(No symbol) [0x00007FF77A1B6E03]
	(No symbol) [0x00007FF77A17FD3E]
	(No symbol) [0x00007FF77A180FC3]
	GetHandleVerifier [0x00007FF77A69F57D+3573101]
	GetHandleVerifier [0x00007FF77A6B9AB0+3680928]
	GetHandleVerifier [0x00007FF77A6AF46D+3638365]
	GetHandleVerifier [0x00007FF77A40123A+827946]
	(No symbol) [0x00007FF77A2B85BF]
	(No symbol) [0x00007FF77A2B4264]
	(No symbol) [0x00007FF77A2B4406]
	(No symbol) [0x00007FF77A2A3E49]
	BaseThreadInitThunk [0x00007FFC4B657374+20]
	RtlUserThreadStart [0x00007FFC4BA1CC91+33]
Traceback (most recent call last):
  File "E:\forum_automation_tool\blackhatworld_functions.py", line 623, in find_random_thread_link_from_subforum
    href = random_link.get_attribute("href")
  File "C:\Users\DELL\AppData\Local\Programs\Python\Python313\Lib\site-packages\selenium\webdriver\remote\webelement.py", line 178, in get_attribute
    attribute_value = self.parent.execute_script(
        f"/* getAttribute */return ({getAttribute_js}).apply(null, arguments);", self, name
    )
  File "C:\Users\DELL\AppData\Local\Programs\Python\Python313\Lib\site-packages\selenium\webdriver\remote\webdriver.py", line 444, in execute_script
    return self.execute(command, {"script": script, "args": converted_args})["value"]
           ~~~~~~~~~~~~^^^^^^^^^^^^^^^^^^^^^^^^^^^^^^^^^^^^^^^^^^^^^^^^^^^^^
  File "C:\Users\DELL\AppData\Local\Programs\Python\Python313\Lib\site-packages\selenium\webdriver\remote\webdriver.py", line 384, in execute
    self.error_handler.check_response(response)
    ~~~~~~~~~~~~~~~~~~~~~~~~~~~~~~~~~^^^^^^^^^^
  File "C:\Users\DELL\AppData\Local\Programs\Python\Python313\Lib\site-packages\selenium\webdriver\remote\errorhandler.py", line 232, in check_response
    raise exception_class(message, screen, stacktrace)
selenium.common.exceptions.StaleElementReferenceException: Message: stale element reference: stale element not found
  (Session info: chrome=133.0.6943.35); For documentation on this error, please visit: https://www.selenium.dev/documentation/webdriver/troubleshooting/errors#stale-element-reference-exception
Stacktrace:
	GetHandleVerifier [0x00007FF77A63C615+3167749]
	(No symbol) [0x00007FF77A2AD190]
	(No symbol) [0x00007FF77A13596A]
	(No symbol) [0x00007FF77A14B7A4]
	(No symbol) [0x00007FF77A14A283]
	(No symbol) [0x00007FF77A13E0A1]
	(No symbol) [0x00007FF77A13E201]
	(No symbol) [0x00007FF77A13BDD2]
	(No symbol) [0x00007FF77A140481]
	(No symbol) [0x00007FF77A1E0872]
	(No symbol) [0x00007FF77A1B702A]
	(No symbol) [0x00007FF77A1DF513]
	(No symbol) [0x00007FF77A1B6E03]
	(No symbol) [0x00007FF77A17FD3E]
	(No symbol) [0x00007FF77A180FC3]
	GetHandleVerifier [0x00007FF77A69F57D+3573101]
	GetHandleVerifier [0x00007FF77A6B9AB0+3680928]
	GetHandleVerifier [0x00007FF77A6AF46D+3638365]
	GetHandleVerifier [0x00007FF77A40123A+827946]
	(No symbol) [0x00007FF77A2B85BF]
	(No symbol) [0x00007FF77A2B4264]
	(No symbol) [0x00007FF77A2B4406]
	(No symbol) [0x00007FF77A2A3E49]
	BaseThreadInitThunk [0x00007FFC4B657374+20]
	RtlUserThreadStart [0x00007FFC4BA1CC91+33]

2025-03-13 15:49:25,860 - WARNING - Skipping thread processing due to no thread link being found in subforum.
